<?xml version="1.0" encoding="UTF-8"?>
<!-- Generated by org.testng.reporters.JUnitReportReporter -->
<testsuite skipped="0" hostname="DESKTOP-LF89V5L" name="zooming.ZoomingandPinching" tests="1" failures="0" timestamp="28 Feb 2020 23:21:45 GMT" time="1.480" errors="0">
  <testcase name="Find_AndroidEvents_Test" time="1.480" classname="zooming.ZoomingandPinching"/>
</testsuite> <!-- zooming.ZoomingandPinching -->
