<?xml version="1.0" encoding="UTF-8"?>
<!-- Generated by org.testng.reporters.JUnitReportReporter -->
<testsuite skipped="0" hostname="DESKTOP-LF89V5L" name="net.one97.paytmtest" tests="1" failures="0" timestamp="28 Feb 2020 18:39:25 GMT" time="14.779" errors="0">
  <testcase name="Find_SWipeScreen_Test" time="14.779" classname="net.one97.paytmtest"/>
</testsuite> <!-- net.one97.paytmtest -->
