<?xml version="1.0" encoding="UTF-8"?>
<!-- Generated by org.testng.reporters.JUnitReportReporter -->
<testsuite skipped="0" hostname="DESKTOP-LF89V5L" name="tests.NWCTest" tests="1" failures="0" timestamp="03 Mar 2020 17:34:56 GMT" time="0.006" errors="0">
  <testcase name="Scenarion_2_Test" time="0.006" classname="tests.NWCTest"/>
</testsuite> <!-- tests.NWCTest -->
