<?xml version="1.0" encoding="UTF-8"?>
<!-- Generated by org.testng.reporters.JUnitReportReporter -->
<testsuite skipped="0" hostname="DESKTOP-LF89V5L" name="tests.AppiumDesktop" tests="1" failures="0" timestamp="03 Mar 2020 18:00:22 GMT" time="0.023" errors="0">
  <testcase name="Scenarion_1_Test" time="0.023" classname="tests.AppiumDesktop"/>
</testsuite> <!-- tests.AppiumDesktop -->
