<?xml version="1.0" encoding="UTF-8"?>
<!-- Generated by org.testng.reporters.JUnitReportReporter -->
<testsuite skipped="0" hostname="DESKTOP-LF89V5L" name="com.socialnmobile.dictapps.notepad.color.comsocialmobiledictapps" tests="1" failures="0" timestamp="28 Feb 2020 17:12:50 GMT" time="23.231" errors="0">
  <testcase name="Find_Elements_PressAndLongPress_Test" time="23.231" classname="com.socialnmobile.dictapps.notepad.color.comsocialmobiledictapps"/>
</testsuite> <!-- com.socialnmobile.dictapps.notepad.color.comsocialmobiledictapps -->
